[2025-03-25T04:42:04.050+0000] {taskinstance.py:1125} INFO - Dependencies all met for dep_context=non-requeueable deps ti=<TaskInstance: covertype_workflow.clear_training_data_tables manual__2025-03-25T04:41:58.267096+00:00 [queued]>
[2025-03-25T04:42:04.062+0000] {taskinstance.py:1125} INFO - Dependencies all met for dep_context=requeueable deps ti=<TaskInstance: covertype_workflow.clear_training_data_tables manual__2025-03-25T04:41:58.267096+00:00 [queued]>
[2025-03-25T04:42:04.063+0000] {taskinstance.py:1331} INFO - Starting attempt 1 of 2
[2025-03-25T04:42:04.081+0000] {taskinstance.py:1350} INFO - Executing <Task(MySqlOperator): clear_training_data_tables> on 2025-03-25 04:41:58.267096+00:00
[2025-03-25T04:42:04.101+0000] {standard_task_runner.py:57} INFO - Started process 90 to run task
[2025-03-25T04:42:04.110+0000] {standard_task_runner.py:84} INFO - Running: ['***', 'tasks', 'run', 'covertype_workflow', 'clear_training_data_tables', 'manual__2025-03-25T04:41:58.267096+00:00', '--job-id', '14', '--raw', '--subdir', 'DAGS_FOLDER/covertype_workflow.py', '--cfg-path', '/tmp/tmprclhvn6y']
[2025-03-25T04:42:04.115+0000] {standard_task_runner.py:85} INFO - Job 14: Subtask clear_training_data_tables
[2025-03-25T04:42:04.218+0000] {task_command.py:410} INFO - Running <TaskInstance: covertype_workflow.clear_training_data_tables manual__2025-03-25T04:41:58.267096+00:00 [running]> on host ad728168efcb
[2025-03-25T04:42:04.377+0000] {taskinstance.py:1570} INFO - Exporting env vars: AIRFLOW_CTX_DAG_OWNER='***' AIRFLOW_CTX_DAG_ID='covertype_workflow' AIRFLOW_CTX_TASK_ID='clear_training_data_tables' AIRFLOW_CTX_EXECUTION_DATE='2025-03-25T04:41:58.267096+00:00' AIRFLOW_CTX_TRY_NUMBER='1' AIRFLOW_CTX_DAG_RUN_ID='manual__2025-03-25T04:41:58.267096+00:00'
[2025-03-25T04:42:04.378+0000] {sql.py:262} INFO - Executing: 
        DROP TABLE IF EXISTS covertype_raw;
        DROP TABLE IF EXISTS covertype_preprocessed;
    
[2025-03-25T04:42:04.379+0000] {crypto.py:83} WARNING - empty cryptography key - values will not be stored encrypted.
[2025-03-25T04:42:04.381+0000] {base.py:73} INFO - Using connection ID 'mysql_default' for task execution.
[2025-03-25T04:42:04.687+0000] {base.py:73} INFO - Using connection ID 'mysql_default' for task execution.
[2025-03-25T04:42:04.933+0000] {sql.py:375} INFO - Running statement: 
        DROP TABLE IF EXISTS covertype_raw;
        DROP TABLE IF EXISTS covertype_preprocessed;
    , parameters: None
[2025-03-25T04:42:04.941+0000] {sql.py:384} INFO - Rows affected: 0
[2025-03-25T04:42:04.966+0000] {taskinstance.py:1373} INFO - Marking task as SUCCESS. dag_id=covertype_workflow, task_id=clear_training_data_tables, execution_date=20250325T044158, start_date=20250325T044204, end_date=20250325T044204
[2025-03-25T04:42:05.044+0000] {local_task_job_runner.py:232} INFO - Task exited with return code 0
[2025-03-25T04:42:05.106+0000] {taskinstance.py:2674} INFO - 1 downstream tasks scheduled from follow-on schedule check
