[2025-03-28T03:41:58.994+0000] {taskinstance.py:1125} INFO - Dependencies all met for dep_context=non-requeueable deps ti=<TaskInstance: covertype_workflow.clear_training_data_tables scheduled__2025-03-27T03:41:55.127625+00:00 [queued]>
[2025-03-28T03:41:59.013+0000] {taskinstance.py:1125} INFO - Dependencies all met for dep_context=requeueable deps ti=<TaskInstance: covertype_workflow.clear_training_data_tables scheduled__2025-03-27T03:41:55.127625+00:00 [queued]>
[2025-03-28T03:41:59.013+0000] {taskinstance.py:1331} INFO - Starting attempt 1 of 2
[2025-03-28T03:41:59.033+0000] {taskinstance.py:1350} INFO - Executing <Task(MySqlOperator): clear_training_data_tables> on 2025-03-27 03:41:55.127625+00:00
[2025-03-28T03:41:59.055+0000] {standard_task_runner.py:57} INFO - Started process 47367 to run task
[2025-03-28T03:41:59.065+0000] {standard_task_runner.py:84} INFO - Running: ['***', 'tasks', 'run', 'covertype_workflow', 'clear_training_data_tables', 'scheduled__2025-03-27T03:41:55.127625+00:00', '--job-id', '60', '--raw', '--subdir', 'DAGS_FOLDER/covertype_workflow.py', '--cfg-path', '/tmp/tmp4fv_u7nl']
[2025-03-28T03:41:59.070+0000] {standard_task_runner.py:85} INFO - Job 60: Subtask clear_training_data_tables
[2025-03-28T03:41:59.190+0000] {task_command.py:410} INFO - Running <TaskInstance: covertype_workflow.clear_training_data_tables scheduled__2025-03-27T03:41:55.127625+00:00 [running]> on host e7a1e9f7a361
[2025-03-28T03:41:59.348+0000] {taskinstance.py:1570} INFO - Exporting env vars: AIRFLOW_CTX_DAG_OWNER='***' AIRFLOW_CTX_DAG_ID='covertype_workflow' AIRFLOW_CTX_TASK_ID='clear_training_data_tables' AIRFLOW_CTX_EXECUTION_DATE='2025-03-27T03:41:55.127625+00:00' AIRFLOW_CTX_TRY_NUMBER='1' AIRFLOW_CTX_DAG_RUN_ID='scheduled__2025-03-27T03:41:55.127625+00:00'
[2025-03-28T03:41:59.350+0000] {sql.py:262} INFO - Executing: 
        DROP TABLE IF EXISTS covertype_raw;
        DROP TABLE IF EXISTS covertype_preprocessed;
    
[2025-03-28T03:41:59.351+0000] {crypto.py:83} WARNING - empty cryptography key - values will not be stored encrypted.
[2025-03-28T03:41:59.352+0000] {base.py:73} INFO - Using connection ID 'mysql_default' for task execution.
[2025-03-28T03:41:59.837+0000] {base.py:73} INFO - Using connection ID 'mysql_default' for task execution.
[2025-03-28T03:42:00.596+0000] {sql.py:375} INFO - Running statement: 
        DROP TABLE IF EXISTS covertype_raw;
        DROP TABLE IF EXISTS covertype_preprocessed;
    , parameters: None
[2025-03-28T03:42:00.811+0000] {sql.py:384} INFO - Rows affected: 0
[2025-03-28T03:42:00.869+0000] {taskinstance.py:1373} INFO - Marking task as SUCCESS. dag_id=covertype_workflow, task_id=clear_training_data_tables, execution_date=20250327T034155, start_date=20250328T034158, end_date=20250328T034200
[2025-03-28T03:42:00.972+0000] {local_task_job_runner.py:232} INFO - Task exited with return code 0
[2025-03-28T03:42:01.041+0000] {taskinstance.py:2674} INFO - 1 downstream tasks scheduled from follow-on schedule check
