[2025-04-01T04:31:20.624+0000] {taskinstance.py:1125} INFO - Dependencies all met for dep_context=non-requeueable deps ti=<TaskInstance: covertype_workflow.collect_data manual__2025-04-01T04:31:09.883653+00:00 [queued]>
[2025-04-01T04:31:20.660+0000] {taskinstance.py:1125} INFO - Dependencies all met for dep_context=requeueable deps ti=<TaskInstance: covertype_workflow.collect_data manual__2025-04-01T04:31:09.883653+00:00 [queued]>
[2025-04-01T04:31:20.661+0000] {taskinstance.py:1331} INFO - Starting attempt 1 of 2
[2025-04-01T04:31:20.686+0000] {taskinstance.py:1350} INFO - Executing <Task(PythonOperator): collect_data> on 2025-04-01 04:31:09.883653+00:00
[2025-04-01T04:31:20.727+0000] {standard_task_runner.py:57} INFO - Started process 425 to run task
[2025-04-01T04:31:20.746+0000] {standard_task_runner.py:84} INFO - Running: ['***', 'tasks', 'run', 'covertype_workflow', 'collect_data', 'manual__2025-04-01T04:31:09.883653+00:00', '--job-id', '100', '--raw', '--subdir', 'DAGS_FOLDER/covertype_workflow.py', '--cfg-path', '/tmp/tmp1f_twsl1']
[2025-04-01T04:31:20.753+0000] {standard_task_runner.py:85} INFO - Job 100: Subtask collect_data
[2025-04-01T04:31:20.912+0000] {task_command.py:410} INFO - Running <TaskInstance: covertype_workflow.collect_data manual__2025-04-01T04:31:09.883653+00:00 [running]> on host fa1ab66db115
[2025-04-01T04:31:21.163+0000] {taskinstance.py:1570} INFO - Exporting env vars: AIRFLOW_CTX_DAG_OWNER='***' AIRFLOW_CTX_DAG_ID='covertype_workflow' AIRFLOW_CTX_TASK_ID='collect_data' AIRFLOW_CTX_EXECUTION_DATE='2025-04-01T04:31:09.883653+00:00' AIRFLOW_CTX_TRY_NUMBER='1' AIRFLOW_CTX_DAG_RUN_ID='manual__2025-04-01T04:31:09.883653+00:00'
[2025-04-01T04:31:21.187+0000] {covertype_workflow.py:66} INFO - [Grupo 1] Ya se recolectó la información mínima. Se omite este batch.
[2025-04-01T04:31:21.199+0000] {covertype_workflow.py:66} INFO - [Grupo 2] Ya se recolectó la información mínima. Se omite este batch.
[2025-04-01T04:31:21.206+0000] {covertype_workflow.py:66} INFO - [Grupo 3] Ya se recolectó la información mínima. Se omite este batch.
[2025-04-01T04:31:21.216+0000] {covertype_workflow.py:66} INFO - [Grupo 4] Ya se recolectó la información mínima. Se omite este batch.
[2025-04-01T04:31:21.226+0000] {covertype_workflow.py:66} INFO - [Grupo 5] Ya se recolectó la información mínima. Se omite este batch.
[2025-04-01T04:31:21.235+0000] {covertype_workflow.py:66} INFO - [Grupo 6] Ya se recolectó la información mínima. Se omite este batch.
[2025-04-01T04:31:21.249+0000] {covertype_workflow.py:66} INFO - [Grupo 7] Ya se recolectó la información mínima. Se omite este batch.
[2025-04-01T04:31:21.267+0000] {covertype_workflow.py:66} INFO - [Grupo 8] Ya se recolectó la información mínima. Se omite este batch.
[2025-04-01T04:31:21.283+0000] {covertype_workflow.py:66} INFO - [Grupo 9] Ya se recolectó la información mínima. Se omite este batch.
[2025-04-01T04:31:21.294+0000] {covertype_workflow.py:66} INFO - [Grupo 10] Ya se recolectó la información mínima. Se omite este batch.
[2025-04-01T04:31:21.466+0000] {covertype_workflow.py:84} INFO - Datos crudos guardados en la tabla covertype_raw.
[2025-04-01T04:31:21.466+0000] {python.py:183} INFO - Done. Returned value was: None
[2025-04-01T04:31:21.515+0000] {taskinstance.py:1373} INFO - Marking task as SUCCESS. dag_id=covertype_workflow, task_id=collect_data, execution_date=20250401T043109, start_date=20250401T043120, end_date=20250401T043121
[2025-04-01T04:31:21.607+0000] {local_task_job_runner.py:232} INFO - Task exited with return code 0
[2025-04-01T04:31:21.743+0000] {taskinstance.py:2674} INFO - 1 downstream tasks scheduled from follow-on schedule check
