[2025-04-01T04:26:11.022+0000] {taskinstance.py:1125} INFO - Dependencies all met for dep_context=non-requeueable deps ti=<TaskInstance: covertype_workflow.collect_data manual__2025-04-01T04:25:59.406345+00:00 [queued]>
[2025-04-01T04:26:11.041+0000] {taskinstance.py:1125} INFO - Dependencies all met for dep_context=requeueable deps ti=<TaskInstance: covertype_workflow.collect_data manual__2025-04-01T04:25:59.406345+00:00 [queued]>
[2025-04-01T04:26:11.042+0000] {taskinstance.py:1331} INFO - Starting attempt 1 of 2
[2025-04-01T04:26:11.067+0000] {taskinstance.py:1350} INFO - Executing <Task(PythonOperator): collect_data> on 2025-04-01 04:25:59.406345+00:00
[2025-04-01T04:26:11.099+0000] {standard_task_runner.py:57} INFO - Started process 333 to run task
[2025-04-01T04:26:11.115+0000] {standard_task_runner.py:84} INFO - Running: ['***', 'tasks', 'run', 'covertype_workflow', 'collect_data', 'manual__2025-04-01T04:25:59.406345+00:00', '--job-id', '96', '--raw', '--subdir', 'DAGS_FOLDER/covertype_workflow.py', '--cfg-path', '/tmp/tmpn189hbdp']
[2025-04-01T04:26:11.121+0000] {standard_task_runner.py:85} INFO - Job 96: Subtask collect_data
[2025-04-01T04:26:11.281+0000] {task_command.py:410} INFO - Running <TaskInstance: covertype_workflow.collect_data manual__2025-04-01T04:25:59.406345+00:00 [running]> on host fa1ab66db115
[2025-04-01T04:26:11.546+0000] {taskinstance.py:1570} INFO - Exporting env vars: AIRFLOW_CTX_DAG_OWNER='***' AIRFLOW_CTX_DAG_ID='covertype_workflow' AIRFLOW_CTX_TASK_ID='collect_data' AIRFLOW_CTX_EXECUTION_DATE='2025-04-01T04:25:59.406345+00:00' AIRFLOW_CTX_TRY_NUMBER='1' AIRFLOW_CTX_DAG_RUN_ID='manual__2025-04-01T04:25:59.406345+00:00'
[2025-04-01T04:26:11.570+0000] {covertype_workflow.py:74} INFO - [Grupo 1] Ya se recolectó la información mínima necesaria. Se omite este batch.
[2025-04-01T04:26:11.580+0000] {covertype_workflow.py:74} INFO - [Grupo 2] Ya se recolectó la información mínima necesaria. Se omite este batch.
[2025-04-01T04:26:11.587+0000] {covertype_workflow.py:74} INFO - [Grupo 3] Ya se recolectó la información mínima necesaria. Se omite este batch.
[2025-04-01T04:26:11.592+0000] {covertype_workflow.py:74} INFO - [Grupo 4] Ya se recolectó la información mínima necesaria. Se omite este batch.
[2025-04-01T04:26:11.599+0000] {covertype_workflow.py:74} INFO - [Grupo 5] Ya se recolectó la información mínima necesaria. Se omite este batch.
[2025-04-01T04:26:11.609+0000] {covertype_workflow.py:74} INFO - [Grupo 6] Ya se recolectó la información mínima necesaria. Se omite este batch.
[2025-04-01T04:26:11.619+0000] {covertype_workflow.py:74} INFO - [Grupo 7] Ya se recolectó la información mínima necesaria. Se omite este batch.
[2025-04-01T04:26:11.627+0000] {covertype_workflow.py:74} INFO - [Grupo 8] Ya se recolectó la información mínima necesaria. Se omite este batch.
[2025-04-01T04:26:11.636+0000] {covertype_workflow.py:74} INFO - [Grupo 9] Ya se recolectó la información mínima necesaria. Se omite este batch.
[2025-04-01T04:26:11.645+0000] {covertype_workflow.py:74} INFO - [Grupo 10] Ya se recolectó la información mínima necesaria. Se omite este batch.
[2025-04-01T04:26:12.055+0000] {logging_mixin.py:149} INFO - Datos crudos guardados en MySQL en la tabla covertype_raw.
[2025-04-01T04:26:12.065+0000] {python.py:183} INFO - Done. Returned value was: None
[2025-04-01T04:26:12.094+0000] {taskinstance.py:1373} INFO - Marking task as SUCCESS. dag_id=covertype_workflow, task_id=collect_data, execution_date=20250401T042559, start_date=20250401T042611, end_date=20250401T042612
[2025-04-01T04:26:12.188+0000] {local_task_job_runner.py:232} INFO - Task exited with return code 0
[2025-04-01T04:26:12.251+0000] {taskinstance.py:2674} INFO - 1 downstream tasks scheduled from follow-on schedule check
