[2025-03-26T04:27:54.792+0000] {taskinstance.py:1125} INFO - Dependencies all met for dep_context=non-requeueable deps ti=<TaskInstance: covertype_workflow.clear_training_data_tables manual__2025-03-26T04:27:47.193197+00:00 [queued]>
[2025-03-26T04:27:54.807+0000] {taskinstance.py:1125} INFO - Dependencies all met for dep_context=requeueable deps ti=<TaskInstance: covertype_workflow.clear_training_data_tables manual__2025-03-26T04:27:47.193197+00:00 [queued]>
[2025-03-26T04:27:54.807+0000] {taskinstance.py:1331} INFO - Starting attempt 1 of 2
[2025-03-26T04:27:54.829+0000] {taskinstance.py:1350} INFO - Executing <Task(MySqlOperator): clear_training_data_tables> on 2025-03-26 04:27:47.193197+00:00
[2025-03-26T04:27:54.850+0000] {standard_task_runner.py:57} INFO - Started process 99 to run task
[2025-03-26T04:27:54.862+0000] {standard_task_runner.py:84} INFO - Running: ['***', 'tasks', 'run', 'covertype_workflow', 'clear_training_data_tables', 'manual__2025-03-26T04:27:47.193197+00:00', '--job-id', '50', '--raw', '--subdir', 'DAGS_FOLDER/covertype_workflow.py', '--cfg-path', '/tmp/tmp1wkkerdp']
[2025-03-26T04:27:54.866+0000] {standard_task_runner.py:85} INFO - Job 50: Subtask clear_training_data_tables
[2025-03-26T04:27:54.977+0000] {task_command.py:410} INFO - Running <TaskInstance: covertype_workflow.clear_training_data_tables manual__2025-03-26T04:27:47.193197+00:00 [running]> on host e7a1e9f7a361
[2025-03-26T04:27:55.145+0000] {taskinstance.py:1570} INFO - Exporting env vars: AIRFLOW_CTX_DAG_OWNER='***' AIRFLOW_CTX_DAG_ID='covertype_workflow' AIRFLOW_CTX_TASK_ID='clear_training_data_tables' AIRFLOW_CTX_EXECUTION_DATE='2025-03-26T04:27:47.193197+00:00' AIRFLOW_CTX_TRY_NUMBER='1' AIRFLOW_CTX_DAG_RUN_ID='manual__2025-03-26T04:27:47.193197+00:00'
[2025-03-26T04:27:55.147+0000] {sql.py:262} INFO - Executing: 
        DROP TABLE IF EXISTS covertype_raw;
        DROP TABLE IF EXISTS covertype_preprocessed;
    
[2025-03-26T04:27:55.149+0000] {crypto.py:83} WARNING - empty cryptography key - values will not be stored encrypted.
[2025-03-26T04:27:55.149+0000] {base.py:73} INFO - Using connection ID 'mysql_default' for task execution.
[2025-03-26T04:27:55.488+0000] {base.py:73} INFO - Using connection ID 'mysql_default' for task execution.
[2025-03-26T04:27:55.749+0000] {sql.py:375} INFO - Running statement: 
        DROP TABLE IF EXISTS covertype_raw;
        DROP TABLE IF EXISTS covertype_preprocessed;
    , parameters: None
[2025-03-26T04:27:55.811+0000] {sql.py:384} INFO - Rows affected: 0
[2025-03-26T04:27:55.874+0000] {taskinstance.py:1373} INFO - Marking task as SUCCESS. dag_id=covertype_workflow, task_id=clear_training_data_tables, execution_date=20250326T042747, start_date=20250326T042754, end_date=20250326T042755
[2025-03-26T04:27:55.956+0000] {local_task_job_runner.py:232} INFO - Task exited with return code 0
[2025-03-26T04:27:56.017+0000] {taskinstance.py:2674} INFO - 1 downstream tasks scheduled from follow-on schedule check
