[2025-04-01T04:37:20.094+0000] {taskinstance.py:1125} INFO - Dependencies all met for dep_context=non-requeueable deps ti=<TaskInstance: covertype_workflow.collect_data manual__2025-04-01T04:37:02.590660+00:00 [queued]>
[2025-04-01T04:37:20.115+0000] {taskinstance.py:1125} INFO - Dependencies all met for dep_context=requeueable deps ti=<TaskInstance: covertype_workflow.collect_data manual__2025-04-01T04:37:02.590660+00:00 [queued]>
[2025-04-01T04:37:20.115+0000] {taskinstance.py:1331} INFO - Starting attempt 1 of 2
[2025-04-01T04:37:20.141+0000] {taskinstance.py:1350} INFO - Executing <Task(PythonOperator): collect_data> on 2025-04-01 04:37:02.590660+00:00
[2025-04-01T04:37:20.168+0000] {standard_task_runner.py:57} INFO - Started process 542 to run task
[2025-04-01T04:37:20.195+0000] {standard_task_runner.py:84} INFO - Running: ['***', 'tasks', 'run', 'covertype_workflow', 'collect_data', 'manual__2025-04-01T04:37:02.590660+00:00', '--job-id', '106', '--raw', '--subdir', 'DAGS_FOLDER/covertype_workflow.py', '--cfg-path', '/tmp/tmpmrfnnvdp']
[2025-04-01T04:37:20.208+0000] {standard_task_runner.py:85} INFO - Job 106: Subtask collect_data
[2025-04-01T04:37:20.396+0000] {task_command.py:410} INFO - Running <TaskInstance: covertype_workflow.collect_data manual__2025-04-01T04:37:02.590660+00:00 [running]> on host fa1ab66db115
[2025-04-01T04:37:20.620+0000] {taskinstance.py:1570} INFO - Exporting env vars: AIRFLOW_CTX_DAG_OWNER='***' AIRFLOW_CTX_DAG_ID='covertype_workflow' AIRFLOW_CTX_TASK_ID='collect_data' AIRFLOW_CTX_EXECUTION_DATE='2025-04-01T04:37:02.590660+00:00' AIRFLOW_CTX_TRY_NUMBER='1' AIRFLOW_CTX_DAG_RUN_ID='manual__2025-04-01T04:37:02.590660+00:00'
[2025-04-01T04:37:20.665+0000] {covertype_workflow.py:73} INFO - [Grupo 1] Ya se recolectó la información mínima. Se omite este batch.
[2025-04-01T04:37:20.672+0000] {covertype_workflow.py:73} INFO - [Grupo 2] Ya se recolectó la información mínima. Se omite este batch.
[2025-04-01T04:37:20.680+0000] {covertype_workflow.py:73} INFO - [Grupo 3] Ya se recolectó la información mínima. Se omite este batch.
[2025-04-01T04:37:20.693+0000] {covertype_workflow.py:73} INFO - [Grupo 4] Ya se recolectó la información mínima. Se omite este batch.
[2025-04-01T04:37:20.702+0000] {covertype_workflow.py:73} INFO - [Grupo 5] Ya se recolectó la información mínima. Se omite este batch.
[2025-04-01T04:37:20.712+0000] {covertype_workflow.py:73} INFO - [Grupo 6] Ya se recolectó la información mínima. Se omite este batch.
[2025-04-01T04:37:20.718+0000] {covertype_workflow.py:73} INFO - [Grupo 7] Ya se recolectó la información mínima. Se omite este batch.
[2025-04-01T04:37:20.727+0000] {covertype_workflow.py:73} INFO - [Grupo 8] Ya se recolectó la información mínima. Se omite este batch.
[2025-04-01T04:37:20.735+0000] {covertype_workflow.py:73} INFO - [Grupo 9] Ya se recolectó la información mínima. Se omite este batch.
[2025-04-01T04:37:20.743+0000] {covertype_workflow.py:73} INFO - [Grupo 10] Ya se recolectó la información mínima. Se omite este batch.
[2025-04-01T04:37:20.839+0000] {covertype_workflow.py:89} INFO - Datos crudos guardados en la tabla `covertype_raw`.
[2025-04-01T04:37:20.839+0000] {python.py:183} INFO - Done. Returned value was: None
[2025-04-01T04:37:20.871+0000] {taskinstance.py:1373} INFO - Marking task as SUCCESS. dag_id=covertype_workflow, task_id=collect_data, execution_date=20250401T043702, start_date=20250401T043720, end_date=20250401T043720
[2025-04-01T04:37:20.961+0000] {local_task_job_runner.py:232} INFO - Task exited with return code 0
[2025-04-01T04:37:21.025+0000] {taskinstance.py:2674} INFO - 0 downstream tasks scheduled from follow-on schedule check
