[2025-03-26T03:42:08.079+0000] {taskinstance.py:1125} INFO - Dependencies all met for dep_context=non-requeueable deps ti=<TaskInstance: covertype_workflow.clear_training_data_tables scheduled__2025-03-25T03:41:55.127625+00:00 [queued]>
[2025-03-26T03:42:08.144+0000] {taskinstance.py:1125} INFO - Dependencies all met for dep_context=requeueable deps ti=<TaskInstance: covertype_workflow.clear_training_data_tables scheduled__2025-03-25T03:41:55.127625+00:00 [queued]>
[2025-03-26T03:42:08.148+0000] {taskinstance.py:1331} INFO - Starting attempt 1 of 2
[2025-03-26T03:42:08.197+0000] {taskinstance.py:1350} INFO - Executing <Task(MySqlOperator): clear_training_data_tables> on 2025-03-25 03:41:55.127625+00:00
[2025-03-26T03:42:08.259+0000] {standard_task_runner.py:57} INFO - Started process 22090 to run task
[2025-03-26T03:42:08.289+0000] {standard_task_runner.py:84} INFO - Running: ['***', 'tasks', 'run', 'covertype_workflow', 'clear_training_data_tables', 'scheduled__2025-03-25T03:41:55.127625+00:00', '--job-id', '43', '--raw', '--subdir', 'DAGS_FOLDER/covertype_workflow.py', '--cfg-path', '/tmp/tmp4ydx8hp_']
[2025-03-26T03:42:08.312+0000] {standard_task_runner.py:85} INFO - Job 43: Subtask clear_training_data_tables
[2025-03-26T03:42:08.595+0000] {task_command.py:410} INFO - Running <TaskInstance: covertype_workflow.clear_training_data_tables scheduled__2025-03-25T03:41:55.127625+00:00 [running]> on host cbaed5fac2a7
[2025-03-26T03:42:08.894+0000] {taskinstance.py:1570} INFO - Exporting env vars: AIRFLOW_CTX_DAG_OWNER='***' AIRFLOW_CTX_DAG_ID='covertype_workflow' AIRFLOW_CTX_TASK_ID='clear_training_data_tables' AIRFLOW_CTX_EXECUTION_DATE='2025-03-25T03:41:55.127625+00:00' AIRFLOW_CTX_TRY_NUMBER='1' AIRFLOW_CTX_DAG_RUN_ID='scheduled__2025-03-25T03:41:55.127625+00:00'
[2025-03-26T03:42:08.896+0000] {sql.py:262} INFO - Executing: 
        DROP TABLE IF EXISTS covertype_raw;
        DROP TABLE IF EXISTS covertype_preprocessed;
    
[2025-03-26T03:42:08.901+0000] {crypto.py:83} WARNING - empty cryptography key - values will not be stored encrypted.
[2025-03-26T03:42:08.901+0000] {base.py:73} INFO - Using connection ID 'mysql_default' for task execution.
[2025-03-26T03:42:09.498+0000] {base.py:73} INFO - Using connection ID 'mysql_default' for task execution.
[2025-03-26T03:42:10.312+0000] {sql.py:375} INFO - Running statement: 
        DROP TABLE IF EXISTS covertype_raw;
        DROP TABLE IF EXISTS covertype_preprocessed;
    , parameters: None
[2025-03-26T03:42:10.548+0000] {sql.py:384} INFO - Rows affected: 0
[2025-03-26T03:42:10.628+0000] {taskinstance.py:1373} INFO - Marking task as SUCCESS. dag_id=covertype_workflow, task_id=clear_training_data_tables, execution_date=20250325T034155, start_date=20250326T034208, end_date=20250326T034210
[2025-03-26T03:42:10.729+0000] {local_task_job_runner.py:232} INFO - Task exited with return code 0
[2025-03-26T03:42:10.792+0000] {taskinstance.py:2674} INFO - 1 downstream tasks scheduled from follow-on schedule check
