[2025-03-25T05:10:31.879+0000] {taskinstance.py:1125} INFO - Dependencies all met for dep_context=non-requeueable deps ti=<TaskInstance: covertype_workflow.clear_training_data_tables manual__2025-03-25T05:10:25.317027+00:00 [queued]>
[2025-03-25T05:10:31.898+0000] {taskinstance.py:1125} INFO - Dependencies all met for dep_context=requeueable deps ti=<TaskInstance: covertype_workflow.clear_training_data_tables manual__2025-03-25T05:10:25.317027+00:00 [queued]>
[2025-03-25T05:10:31.898+0000] {taskinstance.py:1331} INFO - Starting attempt 1 of 2
[2025-03-25T05:10:31.918+0000] {taskinstance.py:1350} INFO - Executing <Task(MySqlOperator): clear_training_data_tables> on 2025-03-25 05:10:25.317027+00:00
[2025-03-25T05:10:31.947+0000] {standard_task_runner.py:57} INFO - Started process 322 to run task
[2025-03-25T05:10:31.965+0000] {standard_task_runner.py:84} INFO - Running: ['***', 'tasks', 'run', 'covertype_workflow', 'clear_training_data_tables', 'manual__2025-03-25T05:10:25.317027+00:00', '--job-id', '19', '--raw', '--subdir', 'DAGS_FOLDER/covertype_workflow.py', '--cfg-path', '/tmp/tmp6g4kcyfm']
[2025-03-25T05:10:31.975+0000] {standard_task_runner.py:85} INFO - Job 19: Subtask clear_training_data_tables
[2025-03-25T05:10:32.097+0000] {task_command.py:410} INFO - Running <TaskInstance: covertype_workflow.clear_training_data_tables manual__2025-03-25T05:10:25.317027+00:00 [running]> on host 0b8ade2cc7a5
[2025-03-25T05:10:32.290+0000] {taskinstance.py:1570} INFO - Exporting env vars: AIRFLOW_CTX_DAG_OWNER='***' AIRFLOW_CTX_DAG_ID='covertype_workflow' AIRFLOW_CTX_TASK_ID='clear_training_data_tables' AIRFLOW_CTX_EXECUTION_DATE='2025-03-25T05:10:25.317027+00:00' AIRFLOW_CTX_TRY_NUMBER='1' AIRFLOW_CTX_DAG_RUN_ID='manual__2025-03-25T05:10:25.317027+00:00'
[2025-03-25T05:10:32.291+0000] {sql.py:262} INFO - Executing: 
        DROP TABLE IF EXISTS covertype_raw;
        DROP TABLE IF EXISTS covertype_preprocessed;
    
[2025-03-25T05:10:32.294+0000] {crypto.py:83} WARNING - empty cryptography key - values will not be stored encrypted.
[2025-03-25T05:10:32.295+0000] {base.py:73} INFO - Using connection ID 'mysql_default' for task execution.
[2025-03-25T05:10:32.749+0000] {base.py:73} INFO - Using connection ID 'mysql_default' for task execution.
[2025-03-25T05:10:32.840+0000] {sql.py:375} INFO - Running statement: 
        DROP TABLE IF EXISTS covertype_raw;
        DROP TABLE IF EXISTS covertype_preprocessed;
    , parameters: None
[2025-03-25T05:10:32.849+0000] {sql.py:384} INFO - Rows affected: 0
[2025-03-25T05:10:32.874+0000] {taskinstance.py:1373} INFO - Marking task as SUCCESS. dag_id=covertype_workflow, task_id=clear_training_data_tables, execution_date=20250325T051025, start_date=20250325T051031, end_date=20250325T051032
[2025-03-25T05:10:32.939+0000] {local_task_job_runner.py:232} INFO - Task exited with return code 0
[2025-03-25T05:10:33.007+0000] {taskinstance.py:2674} INFO - 1 downstream tasks scheduled from follow-on schedule check
