[2025-04-01T06:35:33.562+0000] {taskinstance.py:1125} INFO - Dependencies all met for dep_context=non-requeueable deps ti=<TaskInstance: covertype_workflow.clear_training_data_tables manual__2025-04-01T06:35:25.998458+00:00 [queued]>
[2025-04-01T06:35:33.577+0000] {taskinstance.py:1125} INFO - Dependencies all met for dep_context=requeueable deps ti=<TaskInstance: covertype_workflow.clear_training_data_tables manual__2025-04-01T06:35:25.998458+00:00 [queued]>
[2025-04-01T06:35:33.578+0000] {taskinstance.py:1331} INFO - Starting attempt 1 of 2
[2025-04-01T06:35:33.597+0000] {taskinstance.py:1350} INFO - Executing <Task(MySqlOperator): clear_training_data_tables> on 2025-04-01 06:35:25.998458+00:00
[2025-04-01T06:35:33.622+0000] {standard_task_runner.py:57} INFO - Started process 96 to run task
[2025-04-01T06:35:33.633+0000] {standard_task_runner.py:84} INFO - Running: ['***', 'tasks', 'run', 'covertype_workflow', 'clear_training_data_tables', 'manual__2025-04-01T06:35:25.998458+00:00', '--job-id', '123', '--raw', '--subdir', 'DAGS_FOLDER/covertype_workflow.py', '--cfg-path', '/tmp/tmpp6ludyxe']
[2025-04-01T06:35:33.641+0000] {standard_task_runner.py:85} INFO - Job 123: Subtask clear_training_data_tables
[2025-04-01T06:35:33.818+0000] {task_command.py:410} INFO - Running <TaskInstance: covertype_workflow.clear_training_data_tables manual__2025-04-01T06:35:25.998458+00:00 [running]> on host 15130d1ab4b8
[2025-04-01T06:35:34.032+0000] {taskinstance.py:1568} INFO - Exporting env vars: AIRFLOW_CTX_DAG_OWNER='***' AIRFLOW_CTX_DAG_ID='covertype_workflow' AIRFLOW_CTX_TASK_ID='clear_training_data_tables' AIRFLOW_CTX_EXECUTION_DATE='2025-04-01T06:35:25.998458+00:00' AIRFLOW_CTX_TRY_NUMBER='1' AIRFLOW_CTX_DAG_RUN_ID='manual__2025-04-01T06:35:25.998458+00:00'
[2025-04-01T06:35:34.036+0000] {sql.py:262} INFO - Executing: 
        DROP TABLE IF EXISTS covertype_raw;
        DROP TABLE IF EXISTS covertype_preprocessed;
    
[2025-04-01T06:35:34.042+0000] {crypto.py:83} WARNING - empty cryptography key - values will not be stored encrypted.
[2025-04-01T06:35:34.043+0000] {base.py:73} INFO - Using connection ID 'mysql_default' for task execution.
[2025-04-01T06:35:34.261+0000] {base.py:73} INFO - Using connection ID 'mysql_default' for task execution.
[2025-04-01T06:35:34.629+0000] {sql.py:375} INFO - Running statement: 
        DROP TABLE IF EXISTS covertype_raw;
        DROP TABLE IF EXISTS covertype_preprocessed;
    , parameters: None
[2025-04-01T06:35:34.786+0000] {sql.py:384} INFO - Rows affected: 0
[2025-04-01T06:35:34.877+0000] {taskinstance.py:1368} INFO - Marking task as SUCCESS. dag_id=covertype_workflow, task_id=clear_training_data_tables, execution_date=20250401T063525, start_date=20250401T063533, end_date=20250401T063534
[2025-04-01T06:35:34.979+0000] {local_task_job_runner.py:232} INFO - Task exited with return code 0
[2025-04-01T06:35:35.053+0000] {taskinstance.py:2674} INFO - 1 downstream tasks scheduled from follow-on schedule check
