[2025-03-25T05:41:22.740+0000] {taskinstance.py:1125} INFO - Dependencies all met for dep_context=non-requeueable deps ti=<TaskInstance: covertype_workflow.clear_training_data_tables manual__2025-03-25T05:41:12.320221+00:00 [queued]>
[2025-03-25T05:41:22.766+0000] {taskinstance.py:1125} INFO - Dependencies all met for dep_context=requeueable deps ti=<TaskInstance: covertype_workflow.clear_training_data_tables manual__2025-03-25T05:41:12.320221+00:00 [queued]>
[2025-03-25T05:41:22.767+0000] {taskinstance.py:1331} INFO - Starting attempt 1 of 2
[2025-03-25T05:41:22.806+0000] {taskinstance.py:1350} INFO - Executing <Task(MySqlOperator): clear_training_data_tables> on 2025-03-25 05:41:12.320221+00:00
[2025-03-25T05:41:22.839+0000] {standard_task_runner.py:57} INFO - Started process 141 to run task
[2025-03-25T05:41:22.854+0000] {standard_task_runner.py:84} INFO - Running: ['***', 'tasks', 'run', 'covertype_workflow', 'clear_training_data_tables', 'manual__2025-03-25T05:41:12.320221+00:00', '--job-id', '38', '--raw', '--subdir', 'DAGS_FOLDER/covertype_workflow.py', '--cfg-path', '/tmp/tmpnvk3ow14']
[2025-03-25T05:41:22.859+0000] {standard_task_runner.py:85} INFO - Job 38: Subtask clear_training_data_tables
[2025-03-25T05:41:22.990+0000] {task_command.py:410} INFO - Running <TaskInstance: covertype_workflow.clear_training_data_tables manual__2025-03-25T05:41:12.320221+00:00 [running]> on host cbaed5fac2a7
[2025-03-25T05:41:23.223+0000] {taskinstance.py:1570} INFO - Exporting env vars: AIRFLOW_CTX_DAG_OWNER='***' AIRFLOW_CTX_DAG_ID='covertype_workflow' AIRFLOW_CTX_TASK_ID='clear_training_data_tables' AIRFLOW_CTX_EXECUTION_DATE='2025-03-25T05:41:12.320221+00:00' AIRFLOW_CTX_TRY_NUMBER='1' AIRFLOW_CTX_DAG_RUN_ID='manual__2025-03-25T05:41:12.320221+00:00'
[2025-03-25T05:41:23.228+0000] {sql.py:262} INFO - Executing: 
        DROP TABLE IF EXISTS covertype_raw;
        DROP TABLE IF EXISTS covertype_preprocessed;
    
[2025-03-25T05:41:23.230+0000] {crypto.py:83} WARNING - empty cryptography key - values will not be stored encrypted.
[2025-03-25T05:41:23.232+0000] {base.py:73} INFO - Using connection ID 'mysql_default' for task execution.
[2025-03-25T05:41:23.718+0000] {base.py:73} INFO - Using connection ID 'mysql_default' for task execution.
[2025-03-25T05:41:23.915+0000] {sql.py:375} INFO - Running statement: 
        DROP TABLE IF EXISTS covertype_raw;
        DROP TABLE IF EXISTS covertype_preprocessed;
    , parameters: None
[2025-03-25T05:41:23.948+0000] {sql.py:384} INFO - Rows affected: 0
[2025-03-25T05:41:24.005+0000] {taskinstance.py:1373} INFO - Marking task as SUCCESS. dag_id=covertype_workflow, task_id=clear_training_data_tables, execution_date=20250325T054112, start_date=20250325T054122, end_date=20250325T054124
[2025-03-25T05:41:24.084+0000] {local_task_job_runner.py:232} INFO - Task exited with return code 0
[2025-03-25T05:41:24.146+0000] {taskinstance.py:2674} INFO - 1 downstream tasks scheduled from follow-on schedule check
